<?xml version="1.0" encoding="UTF-8"?>
<testsuite name="com.project.aistudy.AiStudyApplicationTests" tests="1" skipped="0" failures="0" errors="0" timestamp="2024-06-26T13:57:27" hostname="gang-yeeun-ui-MacBookAir.local" time="0.321">
  <properties/>
  <testcase name="contextLoads()" classname="com.project.aistudy.AiStudyApplicationTests" time="0.321"/>
  <system-out><![CDATA[22:57:24.869 [Test worker] INFO org.springframework.test.context.support.AnnotationConfigContextLoaderUtils -- Could not detect default configuration classes for test class [com.project.aistudy.AiStudyApplicationTests]: AiStudyApplicationTests does not declare any static, non-private, non-final, nested classes annotated with @Configuration.
22:57:24.927 [Test worker] INFO org.springframework.boot.test.context.SpringBootTestContextBootstrapper -- Found @SpringBootConfiguration com.project.aistudy.AiStudyApplication for test class com.project.aistudy.AiStudyApplicationTests

  .   ____          _            __ _ _
 /\\ / ___'_ __ _ _(_)_ __  __ _ \ \ \ \
( ( )\___ | '_ | '_| | '_ \/ _` | \ \ \ \
 \\/  ___)| |_)| | | | | || (_| |  ) ) ) )
  '  |____| .__|_| |_|_| |_\__, | / / / /
 =========|_|==============|___/=/_/_/_/

 :: Spring Boot ::                (v3.3.1)

2024-06-26T22:57:25.120+09:00  INFO 22442 --- [aiStudy] [    Test worker] c.p.aistudy.AiStudyApplicationTests      : Starting AiStudyApplicationTests using Java 17.0.8 with PID 22442 (started by kang-yeeun in /Users/kang-yeeun/Downloads/aiStudy)
2024-06-26T22:57:25.121+09:00  INFO 22442 --- [aiStudy] [    Test worker] c.p.aistudy.AiStudyApplicationTests      : No active profile set, falling back to 1 default profile: "default"
2024-06-26T22:57:25.546+09:00  INFO 22442 --- [aiStudy] [    Test worker] .s.d.r.c.RepositoryConfigurationDelegate : Multiple Spring Data modules found, entering strict repository configuration mode
2024-06-26T22:57:25.548+09:00  INFO 22442 --- [aiStudy] [    Test worker] .s.d.r.c.RepositoryConfigurationDelegate : Bootstrapping Spring Data JDBC repositories in DEFAULT mode.
2024-06-26T22:57:25.566+09:00  INFO 22442 --- [aiStudy] [    Test worker] .RepositoryConfigurationExtensionSupport : Spring Data JDBC - Could not safely identify store assignment for repository candidate interface com.project.aistudy.repository.user.KakaoRepository; If you want this repository to be a JDBC repository, consider annotating your entities with one of these annotations: org.springframework.data.relational.core.mapping.Table.
2024-06-26T22:57:25.566+09:00  INFO 22442 --- [aiStudy] [    Test worker] .s.d.r.c.RepositoryConfigurationDelegate : Finished Spring Data repository scanning in 15 ms. Found 0 JDBC repository interfaces.
2024-06-26T22:57:25.573+09:00  INFO 22442 --- [aiStudy] [    Test worker] .s.d.r.c.RepositoryConfigurationDelegate : Multiple Spring Data modules found, entering strict repository configuration mode
2024-06-26T22:57:25.574+09:00  INFO 22442 --- [aiStudy] [    Test worker] .s.d.r.c.RepositoryConfigurationDelegate : Bootstrapping Spring Data JPA repositories in DEFAULT mode.
2024-06-26T22:57:25.588+09:00  INFO 22442 --- [aiStudy] [    Test worker] .s.d.r.c.RepositoryConfigurationDelegate : Finished Spring Data repository scanning in 12 ms. Found 1 JPA repository interface.
2024-06-26T22:57:25.866+09:00  INFO 22442 --- [aiStudy] [    Test worker] o.hibernate.jpa.internal.util.LogHelper  : HHH000204: Processing PersistenceUnitInfo [name: default]
2024-06-26T22:57:25.894+09:00  INFO 22442 --- [aiStudy] [    Test worker] org.hibernate.Version                    : HHH000412: Hibernate ORM core version 6.5.2.Final
2024-06-26T22:57:25.910+09:00  INFO 22442 --- [aiStudy] [    Test worker] o.h.c.internal.RegionFactoryInitiator    : HHH000026: Second-level cache disabled
2024-06-26T22:57:26.078+09:00  INFO 22442 --- [aiStudy] [    Test worker] o.s.o.j.p.SpringPersistenceUnitInfo      : No LoadTimeWeaver setup: ignoring JPA class transformer
2024-06-26T22:57:26.093+09:00  INFO 22442 --- [aiStudy] [    Test worker] com.zaxxer.hikari.HikariDataSource       : HikariPool-1 - Starting...
2024-06-26T22:57:26.196+09:00  INFO 22442 --- [aiStudy] [    Test worker] com.zaxxer.hikari.pool.HikariPool        : HikariPool-1 - Added connection conn0: url=jdbc:h2:mem:testdb user=SA
2024-06-26T22:57:26.197+09:00  INFO 22442 --- [aiStudy] [    Test worker] com.zaxxer.hikari.HikariDataSource       : HikariPool-1 - Start completed.
2024-06-26T22:57:26.210+09:00  WARN 22442 --- [aiStudy] [    Test worker] org.hibernate.orm.deprecation            : HHH90000025: H2Dialect does not need to be specified explicitly using 'hibernate.dialect' (remove the property setting and it will be selected by default)
2024-06-26T22:57:26.749+09:00  INFO 22442 --- [aiStudy] [    Test worker] o.h.e.t.j.p.i.JtaPlatformInitiator       : HHH000489: No JTA platform available (set 'hibernate.transaction.jta.platform' to enable JTA platform integration)
Hibernate: create table member (member_id bigint generated by default as identity, kakao_id varchar(255) not null, nickname varchar(255) not null, points integer not null, profile_image varchar(255) not null, primary key (member_id))
Hibernate: create table study (study_id bigint generated by default as identity, field varchar(255) not null, max_members integer not null, remaining_weeks integer not null, topic varchar(255) not null, member_id bigint not null, primary key (study_id))
Hibernate: create table study_detail (detail_id bigint generated by default as identity, absent boolean not null, day_of_week varchar(255) not null, homework_completed boolean not null, start_time varchar(255) not null, test_passed boolean not null, week_number integer not null, study_id bigint not null, primary key (detail_id))
Hibernate: alter table if exists member drop constraint if exists UKtqi1nx9ul3nx7guxpqycuvgue
Hibernate: alter table if exists member add constraint UKtqi1nx9ul3nx7guxpqycuvgue unique (kakao_id)
Hibernate: alter table if exists study_detail drop constraint if exists UKsr8l1hjqvdykec1nuc51l25fr
Hibernate: alter table if exists study_detail add constraint UKsr8l1hjqvdykec1nuc51l25fr unique (study_id)
Hibernate: alter table if exists study add constraint FKf561xlrfo0qtpl3vwkxiw4cs8 foreign key (member_id) references member
Hibernate: alter table if exists study_detail add constraint FKs6eqsyiv8fi15jglj1h24n60r foreign key (study_id) references study
2024-06-26T22:57:26.793+09:00  INFO 22442 --- [aiStudy] [    Test worker] j.LocalContainerEntityManagerFactoryBean : Initialized JPA EntityManagerFactory for persistence unit 'default'
2024-06-26T22:57:27.049+09:00  WARN 22442 --- [aiStudy] [    Test worker] JpaBaseConfiguration$JpaWebConfiguration : spring.jpa.open-in-view is enabled by default. Therefore, database queries may be performed during view rendering. Explicitly configure spring.jpa.open-in-view to disable this warning
2024-06-26T22:57:27.508+09:00  INFO 22442 --- [aiStudy] [    Test worker] o.s.b.a.h2.H2ConsoleAutoConfiguration    : H2 console available at '/h2-console'. Database available at 'jdbc:h2:mem:testdb'
2024-06-26T22:57:27.543+09:00  INFO 22442 --- [aiStudy] [    Test worker] c.p.aistudy.AiStudyApplicationTests      : Started AiStudyApplicationTests in 2.539 seconds (process running for 3.175)
]]></system-out>
  <system-err><![CDATA[]]></system-err>
</testsuite>
